<?xml version="1.0" encoding="UTF-8"?>
<!-- Generated by org.testng.reporters.JUnitXMLReporter -->
<testsuite hostname="192-168-1-105.tpgi.com.au" ignored="0" tests="0" failures="0" timestamp="02 Jul 2017 05:34:41 GMT" time="0.006" errors="0">
  <testcase name="@BeforeSuite setup" time="0.0" classname="Utilities.BrowserSetup">
    <failure type="org.testng.TestNGException" message="
Parameter &amp;apos;Browser&amp;apos; is required by BeforeSuite on method setup but has not been marked @Optional or defined
in /Users/dhineshraj/Documents/test/testng.xml">
      <![CDATA[org.testng.TestNGException: 
Parameter 'Browser' is required by BeforeSuite on method setup but has not been marked @Optional or defined
in /Users/dhineshraj/Documents/test/testng.xml
... Removed 16 stack frames]]>
    </failure>
  </testcase> <!-- @BeforeSuite setup -->
</testsuite>
